Build output check failed:
    Regex: 'argument .* is not valid'
    Output line: 'cc1: warning: ‘-Werror=’ argument ‘-Werror=non-virtual-dtor’ is not valid for C'
Compilation failed:
    source file: '/home/seu/wsh/study/ch5/opencv-3.4.16/Release/CMakeFiles/CMakeTmp/src.c'
    check option: ' -fsigned-char -W -Wall -Werror=return-type  -Werror=non-virtual-dtor'
===== BUILD LOG =====
Change Dir: /home/seu/wsh/study/ch5/opencv-3.4.16/Release/CMakeFiles/CMakeTmp

Run Build Command:"/usr/bin/make" "cmTC_9d513/fast"
/usr/bin/make -f CMakeFiles/cmTC_9d513.dir/build.make CMakeFiles/cmTC_9d513.dir/build
make[1]: 进入目录“/home/seu/wsh/study/ch5/opencv-3.4.16/Release/CMakeFiles/CMakeTmp”
Building C object CMakeFiles/cmTC_9d513.dir/src.c.o
/usr/bin/cc   -O3 -DNDEBUG -fPIE   -fsigned-char -W -Wall -Werror=return-type -Werror=non-virtual-dtor -o CMakeFiles/cmTC_9d513.dir/src.c.o   -c /home/seu/wsh/study/ch5/opencv-3.4.16/Release/CMakeFiles/CMakeTmp/src.c
cc1: warning: ‘-Werror=’ argument ‘-Werror=non-virtual-dtor’ is not valid for C
/home/seu/wsh/study/ch5/opencv-3.4.16/Release/CMakeFiles/CMakeTmp/src.c:1:0: warning: ignoring #pragma   [-Wunknown-pragmas]
 #pragma
 
Linking C executable cmTC_9d513
/usr/bin/cmake -E cmake_link_script CMakeFiles/cmTC_9d513.dir/link.txt --verbose=1
/usr/bin/cc   -O3 -DNDEBUG    -rdynamic CMakeFiles/cmTC_9d513.dir/src.c.o  -o cmTC_9d513 
make[1]: 离开目录“/home/seu/wsh/study/ch5/opencv-3.4.16/Release/CMakeFiles/CMakeTmp”

===== END =====

Build output check failed:
    Regex: 'command[- ]line option .* is valid for .* but not for C\+\+'
    Output line: 'cc1plus: warning: command line option ‘-Wmissing-prototypes’ is valid for C/ObjC but not for C++'
Compilation failed:
    source file: '/home/seu/wsh/study/ch5/opencv-3.4.16/Release/CMakeFiles/CMakeTmp/src.cxx'
    check option: ' -fsigned-char -W -Wall -Werror=return-type -Werror=non-virtual-dtor -Werror=address -Werror=sequence-point -Wformat -Werror=format-security -Wmissing-declarations  -Wmissing-prototypes'
===== BUILD LOG =====
Change Dir: /home/seu/wsh/study/ch5/opencv-3.4.16/Release/CMakeFiles/CMakeTmp

Run Build Command:"/usr/bin/make" "cmTC_01198/fast"
/usr/bin/make -f CMakeFiles/cmTC_01198.dir/build.make CMakeFiles/cmTC_01198.dir/build
make[1]: 进入目录“/home/seu/wsh/study/ch5/opencv-3.4.16/Release/CMakeFiles/CMakeTmp”
Building CXX object CMakeFiles/cmTC_01198.dir/src.cxx.o
/usr/bin/c++    -O3 -DNDEBUG -fPIE   -fsigned-char -W -Wall -Werror=return-type -Werror=non-virtual-dtor -Werror=address -Werror=sequence-point -Wformat -Werror=format-security -Wmissing-declarations -Wmissing-prototypes -o CMakeFiles/cmTC_01198.dir/src.cxx.o -c /home/seu/wsh/study/ch5/opencv-3.4.16/Release/CMakeFiles/CMakeTmp/src.cxx
cc1plus: warning: command line option ‘-Wmissing-prototypes’ is valid for C/ObjC but not for C++
/home/seu/wsh/study/ch5/opencv-3.4.16/Release/CMakeFiles/CMakeTmp/src.cxx:1:0: warning: ignoring #pragma   [-Wunknown-pragmas]
 #pragma
 
Linking CXX executable cmTC_01198
/usr/bin/cmake -E cmake_link_script CMakeFiles/cmTC_01198.dir/link.txt --verbose=1
/usr/bin/c++    -O3 -DNDEBUG    -rdynamic CMakeFiles/cmTC_01198.dir/src.cxx.o  -o cmTC_01198 
make[1]: 离开目录“/home/seu/wsh/study/ch5/opencv-3.4.16/Release/CMakeFiles/CMakeTmp”

===== END =====

Build output check failed:
    Regex: 'command[- ]line option .* is valid for .* but not for C\+\+'
    Output line: 'cc1plus: warning: command line option ‘-Wstrict-prototypes’ is valid for C/ObjC but not for C++'
Compilation failed:
    source file: '/home/seu/wsh/study/ch5/opencv-3.4.16/Release/CMakeFiles/CMakeTmp/src.cxx'
    check option: ' -fsigned-char -W -Wall -Werror=return-type -Werror=non-virtual-dtor -Werror=address -Werror=sequence-point -Wformat -Werror=format-security -Wmissing-declarations  -Wstrict-prototypes'
===== BUILD LOG =====
Change Dir: /home/seu/wsh/study/ch5/opencv-3.4.16/Release/CMakeFiles/CMakeTmp

Run Build Command:"/usr/bin/make" "cmTC_e0063/fast"
/usr/bin/make -f CMakeFiles/cmTC_e0063.dir/build.make CMakeFiles/cmTC_e0063.dir/build
make[1]: 进入目录“/home/seu/wsh/study/ch5/opencv-3.4.16/Release/CMakeFiles/CMakeTmp”
Building CXX object CMakeFiles/cmTC_e0063.dir/src.cxx.o
/usr/bin/c++    -O3 -DNDEBUG -fPIE   -fsigned-char -W -Wall -Werror=return-type -Werror=non-virtual-dtor -Werror=address -Werror=sequence-point -Wformat -Werror=format-security -Wmissing-declarations -Wstrict-prototypes -o CMakeFiles/cmTC_e0063.dir/src.cxx.o -c /home/seu/wsh/study/ch5/opencv-3.4.16/Release/CMakeFiles/CMakeTmp/src.cxx
cc1plus: warning: command line option ‘-Wstrict-prototypes’ is valid for C/ObjC but not for C++
/home/seu/wsh/study/ch5/opencv-3.4.16/Release/CMakeFiles/CMakeTmp/src.cxx:1:0: warning: ignoring #pragma   [-Wunknown-pragmas]
 #pragma
 
Linking CXX executable cmTC_e0063
/usr/bin/cmake -E cmake_link_script CMakeFiles/cmTC_e0063.dir/link.txt --verbose=1
/usr/bin/c++    -O3 -DNDEBUG    -rdynamic CMakeFiles/cmTC_e0063.dir/src.cxx.o  -o cmTC_e0063 
make[1]: 离开目录“/home/seu/wsh/study/ch5/opencv-3.4.16/Release/CMakeFiles/CMakeTmp”

===== END =====

Build output check failed:
    Regex: 'command[- ]line option .* is valid for .* but not for C'
    Output line: 'cc1: warning: command line option ‘-Wsign-promo’ is valid for C++/ObjC++ but not for C'
Compilation failed:
    source file: '/home/seu/wsh/study/ch5/opencv-3.4.16/Release/CMakeFiles/CMakeTmp/src.c'
    check option: ' -fsigned-char -W -Wall -Werror=return-type -Werror=address -Werror=sequence-point -Wformat -Werror=format-security -Wmissing-declarations -Wmissing-prototypes -Wstrict-prototypes -Wundef -Winit-self -Wpointer-arith -Wshadow  -Wsign-promo'
===== BUILD LOG =====
Change Dir: /home/seu/wsh/study/ch5/opencv-3.4.16/Release/CMakeFiles/CMakeTmp

Run Build Command:"/usr/bin/make" "cmTC_8e2e0/fast"
/usr/bin/make -f CMakeFiles/cmTC_8e2e0.dir/build.make CMakeFiles/cmTC_8e2e0.dir/build
make[1]: 进入目录“/home/seu/wsh/study/ch5/opencv-3.4.16/Release/CMakeFiles/CMakeTmp”
Building C object CMakeFiles/cmTC_8e2e0.dir/src.c.o
/usr/bin/cc   -O3 -DNDEBUG -fPIE   -fsigned-char -W -Wall -Werror=return-type -Werror=address -Werror=sequence-point -Wformat -Werror=format-security -Wmissing-declarations -Wmissing-prototypes -Wstrict-prototypes -Wundef -Winit-self -Wpointer-arith -Wshadow -Wsign-promo -o CMakeFiles/cmTC_8e2e0.dir/src.c.o   -c /home/seu/wsh/study/ch5/opencv-3.4.16/Release/CMakeFiles/CMakeTmp/src.c
cc1: warning: command line option ‘-Wsign-promo’ is valid for C++/ObjC++ but not for C
/home/seu/wsh/study/ch5/opencv-3.4.16/Release/CMakeFiles/CMakeTmp/src.c:1:0: warning: ignoring #pragma   [-Wunknown-pragmas]
 #pragma
 
Linking C executable cmTC_8e2e0
/usr/bin/cmake -E cmake_link_script CMakeFiles/cmTC_8e2e0.dir/link.txt --verbose=1
/usr/bin/cc   -O3 -DNDEBUG    -rdynamic CMakeFiles/cmTC_8e2e0.dir/src.c.o  -o cmTC_8e2e0 
make[1]: 离开目录“/home/seu/wsh/study/ch5/opencv-3.4.16/Release/CMakeFiles/CMakeTmp”

===== END =====

Build output check failed:
    Regex: 'command[- ]line option .* is valid for .* but not for C'
    Output line: 'cc1: warning: command line option ‘-Wsuggest-override’ is valid for C++/ObjC++ but not for C'
Compilation failed:
    source file: '/home/seu/wsh/study/ch5/opencv-3.4.16/Release/CMakeFiles/CMakeTmp/src.c'
    check option: ' -fsigned-char -W -Wall -Werror=return-type -Werror=address -Werror=sequence-point -Wformat -Werror=format-security -Wmissing-declarations -Wmissing-prototypes -Wstrict-prototypes -Wundef -Winit-self -Wpointer-arith -Wshadow -Wuninitialized  -Wsuggest-override'
===== BUILD LOG =====
Change Dir: /home/seu/wsh/study/ch5/opencv-3.4.16/Release/CMakeFiles/CMakeTmp

Run Build Command:"/usr/bin/make" "cmTC_7a89e/fast"
/usr/bin/make -f CMakeFiles/cmTC_7a89e.dir/build.make CMakeFiles/cmTC_7a89e.dir/build
make[1]: 进入目录“/home/seu/wsh/study/ch5/opencv-3.4.16/Release/CMakeFiles/CMakeTmp”
Building C object CMakeFiles/cmTC_7a89e.dir/src.c.o
/usr/bin/cc   -O3 -DNDEBUG -fPIE   -fsigned-char -W -Wall -Werror=return-type -Werror=address -Werror=sequence-point -Wformat -Werror=format-security -Wmissing-declarations -Wmissing-prototypes -Wstrict-prototypes -Wundef -Winit-self -Wpointer-arith -Wshadow -Wuninitialized -Wsuggest-override -o CMakeFiles/cmTC_7a89e.dir/src.c.o   -c /home/seu/wsh/study/ch5/opencv-3.4.16/Release/CMakeFiles/CMakeTmp/src.c
cc1: warning: command line option ‘-Wsuggest-override’ is valid for C++/ObjC++ but not for C
/home/seu/wsh/study/ch5/opencv-3.4.16/Release/CMakeFiles/CMakeTmp/src.c:1:0: warning: ignoring #pragma   [-Wunknown-pragmas]
 #pragma
 
Linking C executable cmTC_7a89e
/usr/bin/cmake -E cmake_link_script CMakeFiles/cmTC_7a89e.dir/link.txt --verbose=1
/usr/bin/cc   -O3 -DNDEBUG    -rdynamic CMakeFiles/cmTC_7a89e.dir/src.c.o  -o cmTC_7a89e 
make[1]: 离开目录“/home/seu/wsh/study/ch5/opencv-3.4.16/Release/CMakeFiles/CMakeTmp”

===== END =====

Build output check failed:
    Regex: 'command[- ]line option .* is valid for .* but not for C'
    Output line: 'cc1: warning: command line option ‘-Wno-delete-non-virtual-dtor’ is valid for C++/ObjC++ but not for C'
Compilation failed:
    source file: '/home/seu/wsh/study/ch5/opencv-3.4.16/Release/CMakeFiles/CMakeTmp/src.c'
    check option: ' -fsigned-char -W -Wall -Werror=return-type -Werror=address -Werror=sequence-point -Wformat -Werror=format-security -Wmissing-declarations -Wmissing-prototypes -Wstrict-prototypes -Wundef -Winit-self -Wpointer-arith -Wshadow -Wuninitialized  -Wno-delete-non-virtual-dtor'
===== BUILD LOG =====
Change Dir: /home/seu/wsh/study/ch5/opencv-3.4.16/Release/CMakeFiles/CMakeTmp

Run Build Command:"/usr/bin/make" "cmTC_77012/fast"
/usr/bin/make -f CMakeFiles/cmTC_77012.dir/build.make CMakeFiles/cmTC_77012.dir/build
make[1]: 进入目录“/home/seu/wsh/study/ch5/opencv-3.4.16/Release/CMakeFiles/CMakeTmp”
Building C object CMakeFiles/cmTC_77012.dir/src.c.o
/usr/bin/cc   -O3 -DNDEBUG -fPIE   -fsigned-char -W -Wall -Werror=return-type -Werror=address -Werror=sequence-point -Wformat -Werror=format-security -Wmissing-declarations -Wmissing-prototypes -Wstrict-prototypes -Wundef -Winit-self -Wpointer-arith -Wshadow -Wuninitialized -Wno-delete-non-virtual-dtor -o CMakeFiles/cmTC_77012.dir/src.c.o   -c /home/seu/wsh/study/ch5/opencv-3.4.16/Release/CMakeFiles/CMakeTmp/src.c
cc1: warning: command line option ‘-Wno-delete-non-virtual-dtor’ is valid for C++/ObjC++ but not for C
/home/seu/wsh/study/ch5/opencv-3.4.16/Release/CMakeFiles/CMakeTmp/src.c:1:0: warning: ignoring #pragma   [-Wunknown-pragmas]
 #pragma
 
Linking C executable cmTC_77012
/usr/bin/cmake -E cmake_link_script CMakeFiles/cmTC_77012.dir/link.txt --verbose=1
/usr/bin/cc   -O3 -DNDEBUG    -rdynamic CMakeFiles/cmTC_77012.dir/src.c.o  -o cmTC_77012 
make[1]: 离开目录“/home/seu/wsh/study/ch5/opencv-3.4.16/Release/CMakeFiles/CMakeTmp”

===== END =====

Build output check failed:
    Regex: 'unrecognized .*option'
    Output line: 'cc1plus: warning: unrecognized command line option ‘-Wno-unnamed-type-template-args’'
Compilation failed:
    source file: '/home/seu/wsh/study/ch5/opencv-3.4.16/Release/CMakeFiles/CMakeTmp/src.cxx'
    check option: ' -fsigned-char -W -Wall -Werror=return-type -Werror=non-virtual-dtor -Werror=address -Werror=sequence-point -Wformat -Werror=format-security -Wmissing-declarations -Wundef -Winit-self -Wpointer-arith -Wshadow -Wsign-promo -Wuninitialized -Wsuggest-override -Wno-delete-non-virtual-dtor  -Wno-unnamed-type-template-args'
===== BUILD LOG =====
Change Dir: /home/seu/wsh/study/ch5/opencv-3.4.16/Release/CMakeFiles/CMakeTmp

Run Build Command:"/usr/bin/make" "cmTC_b5f76/fast"
/usr/bin/make -f CMakeFiles/cmTC_b5f76.dir/build.make CMakeFiles/cmTC_b5f76.dir/build
make[1]: 进入目录“/home/seu/wsh/study/ch5/opencv-3.4.16/Release/CMakeFiles/CMakeTmp”
Building CXX object CMakeFiles/cmTC_b5f76.dir/src.cxx.o
/usr/bin/c++    -O3 -DNDEBUG -fPIE   -fsigned-char -W -Wall -Werror=return-type -Werror=non-virtual-dtor -Werror=address -Werror=sequence-point -Wformat -Werror=format-security -Wmissing-declarations -Wundef -Winit-self -Wpointer-arith -Wshadow -Wsign-promo -Wuninitialized -Wsuggest-override -Wno-delete-non-virtual-dtor -Wno-unnamed-type-template-args -o CMakeFiles/cmTC_b5f76.dir/src.cxx.o -c /home/seu/wsh/study/ch5/opencv-3.4.16/Release/CMakeFiles/CMakeTmp/src.cxx
/home/seu/wsh/study/ch5/opencv-3.4.16/Release/CMakeFiles/CMakeTmp/src.cxx:1:0: warning: ignoring #pragma   [-Wunknown-pragmas]
 #pragma
 
cc1plus: warning: unrecognized command line option ‘-Wno-unnamed-type-template-args’
Linking CXX executable cmTC_b5f76
/usr/bin/cmake -E cmake_link_script CMakeFiles/cmTC_b5f76.dir/link.txt --verbose=1
/usr/bin/c++    -O3 -DNDEBUG    -rdynamic CMakeFiles/cmTC_b5f76.dir/src.cxx.o  -o cmTC_b5f76 
make[1]: 离开目录“/home/seu/wsh/study/ch5/opencv-3.4.16/Release/CMakeFiles/CMakeTmp”

===== END =====

Build output check failed:
    Regex: 'unrecognized .*option'
    Output line: 'cc1: warning: unrecognized command line option ‘-Wno-unnamed-type-template-args’'
Compilation failed:
    source file: '/home/seu/wsh/study/ch5/opencv-3.4.16/Release/CMakeFiles/CMakeTmp/src.c'
    check option: ' -fsigned-char -W -Wall -Werror=return-type -Werror=address -Werror=sequence-point -Wformat -Werror=format-security -Wmissing-declarations -Wmissing-prototypes -Wstrict-prototypes -Wundef -Winit-self -Wpointer-arith -Wshadow -Wuninitialized  -Wno-unnamed-type-template-args'
===== BUILD LOG =====
Change Dir: /home/seu/wsh/study/ch5/opencv-3.4.16/Release/CMakeFiles/CMakeTmp

Run Build Command:"/usr/bin/make" "cmTC_1a52b/fast"
/usr/bin/make -f CMakeFiles/cmTC_1a52b.dir/build.make CMakeFiles/cmTC_1a52b.dir/build
make[1]: 进入目录“/home/seu/wsh/study/ch5/opencv-3.4.16/Release/CMakeFiles/CMakeTmp”
Building C object CMakeFiles/cmTC_1a52b.dir/src.c.o
/usr/bin/cc   -O3 -DNDEBUG -fPIE   -fsigned-char -W -Wall -Werror=return-type -Werror=address -Werror=sequence-point -Wformat -Werror=format-security -Wmissing-declarations -Wmissing-prototypes -Wstrict-prototypes -Wundef -Winit-self -Wpointer-arith -Wshadow -Wuninitialized -Wno-unnamed-type-template-args -o CMakeFiles/cmTC_1a52b.dir/src.c.o   -c /home/seu/wsh/study/ch5/opencv-3.4.16/Release/CMakeFiles/CMakeTmp/src.c
/home/seu/wsh/study/ch5/opencv-3.4.16/Release/CMakeFiles/CMakeTmp/src.c:1:0: warning: ignoring #pragma   [-Wunknown-pragmas]
 #pragma
 
cc1: warning: unrecognized command line option ‘-Wno-unnamed-type-template-args’
Linking C executable cmTC_1a52b
/usr/bin/cmake -E cmake_link_script CMakeFiles/cmTC_1a52b.dir/link.txt --verbose=1
/usr/bin/cc   -O3 -DNDEBUG    -rdynamic CMakeFiles/cmTC_1a52b.dir/src.c.o  -o cmTC_1a52b 
make[1]: 离开目录“/home/seu/wsh/study/ch5/opencv-3.4.16/Release/CMakeFiles/CMakeTmp”

===== END =====

Build output check failed:
    Regex: 'command[- ]line option .* is valid for .* but not for C'
    Output line: 'cc1: warning: command line option ‘-fvisibility-inlines-hidden’ is valid for C++/ObjC++ but not for C'
Compilation failed:
    source file: '/home/seu/wsh/study/ch5/opencv-3.4.16/Release/CMakeFiles/CMakeTmp/src.c'
    check option: ' -fsigned-char -W -Wall -Werror=return-type -Werror=address -Werror=sequence-point -Wformat -Werror=format-security -Wmissing-declarations -Wmissing-prototypes -Wstrict-prototypes -Wundef -Winit-self -Wpointer-arith -Wshadow -Wuninitialized -Wno-comment -Wimplicit-fallthrough=3 -Wno-strict-overflow -fdiagnostics-show-option -Wno-long-long -pthread -fomit-frame-pointer -ffunction-sections -fdata-sections  -msse -msse2 -msse3 -fvisibility=hidden  -fvisibility-inlines-hidden'
===== BUILD LOG =====
Change Dir: /home/seu/wsh/study/ch5/opencv-3.4.16/Release/CMakeFiles/CMakeTmp

Run Build Command:"/usr/bin/make" "cmTC_23138/fast"
/usr/bin/make -f CMakeFiles/cmTC_23138.dir/build.make CMakeFiles/cmTC_23138.dir/build
make[1]: 进入目录“/home/seu/wsh/study/ch5/opencv-3.4.16/Release/CMakeFiles/CMakeTmp”
Building C object CMakeFiles/cmTC_23138.dir/src.c.o
/usr/bin/cc   -O3 -DNDEBUG -fPIE   -fsigned-char -W -Wall -Werror=return-type -Werror=address -Werror=sequence-point -Wformat -Werror=format-security -Wmissing-declarations -Wmissing-prototypes -Wstrict-prototypes -Wundef -Winit-self -Wpointer-arith -Wshadow -Wuninitialized -Wno-comment -Wimplicit-fallthrough=3 -Wno-strict-overflow -fdiagnostics-show-option -Wno-long-long -pthread -fomit-frame-pointer -ffunction-sections -fdata-sections -msse -msse2 -msse3 -fvisibility=hidden -fvisibility-inlines-hidden -o CMakeFiles/cmTC_23138.dir/src.c.o   -c /home/seu/wsh/study/ch5/opencv-3.4.16/Release/CMakeFiles/CMakeTmp/src.c
cc1: warning: command line option ‘-fvisibility-inlines-hidden’ is valid for C++/ObjC++ but not for C
/home/seu/wsh/study/ch5/opencv-3.4.16/Release/CMakeFiles/CMakeTmp/src.c:1:0: warning: ignoring #pragma   [-Wunknown-pragmas]
 #pragma
 
Linking C executable cmTC_23138
/usr/bin/cmake -E cmake_link_script CMakeFiles/cmTC_23138.dir/link.txt --verbose=1
/usr/bin/cc   -O3 -DNDEBUG    -rdynamic CMakeFiles/cmTC_23138.dir/src.c.o  -o cmTC_23138 
make[1]: 离开目录“/home/seu/wsh/study/ch5/opencv-3.4.16/Release/CMakeFiles/CMakeTmp”

===== END =====

Build output check failed:
    Regex: 'unrecognized .*option'
    Output line: 'cc1: warning: unrecognized command line option ‘-Wno-absolute-value’'
Compilation failed:
    source file: '/home/seu/wsh/study/ch5/opencv-3.4.16/Release/CMakeFiles/CMakeTmp/src.c'
    check option: ' -Wno-absolute-value'
===== BUILD LOG =====
Change Dir: /home/seu/wsh/study/ch5/opencv-3.4.16/Release/CMakeFiles/CMakeTmp

Run Build Command:"/usr/bin/make" "cmTC_ede17/fast"
/usr/bin/make -f CMakeFiles/cmTC_ede17.dir/build.make CMakeFiles/cmTC_ede17.dir/build
make[1]: 进入目录“/home/seu/wsh/study/ch5/opencv-3.4.16/Release/CMakeFiles/CMakeTmp”
Building C object CMakeFiles/cmTC_ede17.dir/src.c.o
/usr/bin/cc   -fsigned-char -W -Wall -Werror=return-type -Werror=address -Werror=sequence-point -Wformat -Werror=format-security -Wstrict-prototypes -Wundef -Winit-self -Wpointer-arith -Wuninitialized -Wno-comment -Wimplicit-fallthrough=3 -Wno-strict-overflow -fdiagnostics-show-option -Wno-long-long -pthread -fomit-frame-pointer -ffunction-sections -fdata-sections  -msse -msse2 -msse3 -fvisibility=hidden -Wno-implicit-function-declaration -Wno-uninitialized -Wno-missing-prototypes -Wno-unused-but-set-parameter -Wno-missing-declarations -Wno-unused -Wno-shadow -Wno-sign-compare -Wno-strict-overflow -Wno-pointer-compare  -O3 -DNDEBUG  -DNDEBUG -fPIE   -Wno-absolute-value -o CMakeFiles/cmTC_ede17.dir/src.c.o   -c /home/seu/wsh/study/ch5/opencv-3.4.16/Release/CMakeFiles/CMakeTmp/src.c
/home/seu/wsh/study/ch5/opencv-3.4.16/Release/CMakeFiles/CMakeTmp/src.c:1:0: warning: ignoring #pragma   [-Wunknown-pragmas]
 #pragma
 
cc1: warning: unrecognized command line option ‘-Wno-absolute-value’
Linking C executable cmTC_ede17
/usr/bin/cmake -E cmake_link_script CMakeFiles/cmTC_ede17.dir/link.txt --verbose=1
/usr/bin/cc    -fsigned-char -W -Wall -Werror=return-type -Werror=address -Werror=sequence-point -Wformat -Werror=format-security -Wstrict-prototypes -Wundef -Winit-self -Wpointer-arith -Wuninitialized -Wno-comment -Wimplicit-fallthrough=3 -Wno-strict-overflow -fdiagnostics-show-option -Wno-long-long -pthread -fomit-frame-pointer -ffunction-sections -fdata-sections  -msse -msse2 -msse3 -fvisibility=hidden -Wno-implicit-function-declaration -Wno-uninitialized -Wno-missing-prototypes -Wno-unused-but-set-parameter -Wno-missing-declarations -Wno-unused -Wno-shadow -Wno-sign-compare -Wno-strict-overflow -Wno-pointer-compare  -O3 -DNDEBUG  -DNDEBUG    -Wl,--gc-sections -Wl,--as-needed  -rdynamic CMakeFiles/cmTC_ede17.dir/src.c.o  -o cmTC_ede17 
make[1]: 离开目录“/home/seu/wsh/study/ch5/opencv-3.4.16/Release/CMakeFiles/CMakeTmp”

===== END =====

Determining if the include file linux/videodev.h exists failed with the following output:
Change Dir: /home/seu/wsh/study/ch5/opencv-3.4.16/Release/CMakeFiles/CMakeTmp

Run Build Command:"/usr/bin/make" "cmTC_44750/fast"
/usr/bin/make -f CMakeFiles/cmTC_44750.dir/build.make CMakeFiles/cmTC_44750.dir/build
make[1]: 进入目录“/home/seu/wsh/study/ch5/opencv-3.4.16/Release/CMakeFiles/CMakeTmp”
Building C object CMakeFiles/cmTC_44750.dir/CheckIncludeFile.c.o
/usr/bin/cc   -fsigned-char -W -Wall -Werror=return-type -Werror=address -Werror=sequence-point -Wformat -Werror=format-security -Wmissing-declarations -Wmissing-prototypes -Wstrict-prototypes -Wundef -Winit-self -Wpointer-arith -Wshadow -Wuninitialized -Wno-comment -Wimplicit-fallthrough=3 -Wno-strict-overflow -fdiagnostics-show-option -Wno-long-long -pthread -fomit-frame-pointer -ffunction-sections -fdata-sections  -msse -msse2 -msse3 -fvisibility=hidden  -O3 -DNDEBUG  -DNDEBUG -fPIE   -o CMakeFiles/cmTC_44750.dir/CheckIncludeFile.c.o   -c /home/seu/wsh/study/ch5/opencv-3.4.16/Release/CMakeFiles/CMakeTmp/CheckIncludeFile.c
/home/seu/wsh/study/ch5/opencv-3.4.16/Release/CMakeFiles/CMakeTmp/CheckIncludeFile.c:1:10: fatal error: linux/videodev.h: 没有那个文件或目录
 #include <linux/videodev.h>
          ^~~~~~~~~~~~~~~~~~
compilation terminated.
CMakeFiles/cmTC_44750.dir/build.make:65: recipe for target 'CMakeFiles/cmTC_44750.dir/CheckIncludeFile.c.o' failed
make[1]: *** [CMakeFiles/cmTC_44750.dir/CheckIncludeFile.c.o] Error 1
make[1]: 离开目录“/home/seu/wsh/study/ch5/opencv-3.4.16/Release/CMakeFiles/CMakeTmp”
Makefile:126: recipe for target 'cmTC_44750/fast' failed
make: *** [cmTC_44750/fast] Error 2


Determining if the include file sys/videoio.h exists failed with the following output:
Change Dir: /home/seu/wsh/study/ch5/opencv-3.4.16/Release/CMakeFiles/CMakeTmp

Run Build Command:"/usr/bin/make" "cmTC_3361a/fast"
/usr/bin/make -f CMakeFiles/cmTC_3361a.dir/build.make CMakeFiles/cmTC_3361a.dir/build
make[1]: 进入目录“/home/seu/wsh/study/ch5/opencv-3.4.16/Release/CMakeFiles/CMakeTmp”
Building C object CMakeFiles/cmTC_3361a.dir/CheckIncludeFile.c.o
/usr/bin/cc   -fsigned-char -W -Wall -Werror=return-type -Werror=address -Werror=sequence-point -Wformat -Werror=format-security -Wmissing-declarations -Wmissing-prototypes -Wstrict-prototypes -Wundef -Winit-self -Wpointer-arith -Wshadow -Wuninitialized -Wno-comment -Wimplicit-fallthrough=3 -Wno-strict-overflow -fdiagnostics-show-option -Wno-long-long -pthread -fomit-frame-pointer -ffunction-sections -fdata-sections  -msse -msse2 -msse3 -fvisibility=hidden  -O3 -DNDEBUG  -DNDEBUG -fPIE   -o CMakeFiles/cmTC_3361a.dir/CheckIncludeFile.c.o   -c /home/seu/wsh/study/ch5/opencv-3.4.16/Release/CMakeFiles/CMakeTmp/CheckIncludeFile.c
/home/seu/wsh/study/ch5/opencv-3.4.16/Release/CMakeFiles/CMakeTmp/CheckIncludeFile.c:1:10: fatal error: sys/videoio.h: 没有那个文件或目录
 #include <sys/videoio.h>
          ^~~~~~~~~~~~~~~
compilation terminated.
CMakeFiles/cmTC_3361a.dir/build.make:65: recipe for target 'CMakeFiles/cmTC_3361a.dir/CheckIncludeFile.c.o' failed
make[1]: *** [CMakeFiles/cmTC_3361a.dir/CheckIncludeFile.c.o] Error 1
make[1]: 离开目录“/home/seu/wsh/study/ch5/opencv-3.4.16/Release/CMakeFiles/CMakeTmp”
Makefile:126: recipe for target 'cmTC_3361a/fast' failed
make: *** [cmTC_3361a/fast] Error 2


Build output check failed:
    Regex: 'command[- ]line option .* is valid for .* but not for C\+\+'
    Output line: 'cc1plus: warning: command line option ‘-Wno-missing-prototypes’ is valid for C/ObjC but not for C++'
Compilation failed:
    source file: '/home/seu/wsh/study/ch5/opencv-3.4.16/Release/CMakeFiles/CMakeTmp/src.cxx'
    check option: ' -Wno-missing-prototypes'
===== BUILD LOG =====
Change Dir: /home/seu/wsh/study/ch5/opencv-3.4.16/Release/CMakeFiles/CMakeTmp

Run Build Command:"/usr/bin/make" "cmTC_bca8a/fast"
/usr/bin/make -f CMakeFiles/cmTC_bca8a.dir/build.make CMakeFiles/cmTC_bca8a.dir/build
make[1]: 进入目录“/home/seu/wsh/study/ch5/opencv-3.4.16/Release/CMakeFiles/CMakeTmp”
Building CXX object CMakeFiles/cmTC_bca8a.dir/src.cxx.o
/usr/bin/c++    -fsigned-char -W -Wall -Werror=return-type -Werror=non-virtual-dtor -Werror=address -Werror=sequence-point -Wformat -Werror=format-security -Wmissing-declarations -Wundef -Winit-self -Wpointer-arith -Wshadow -Wsign-promo -Wuninitialized -Wsuggest-override -Wno-delete-non-virtual-dtor -Wno-comment -Wimplicit-fallthrough=3 -Wno-strict-overflow -fdiagnostics-show-option -Wno-long-long -pthread -fomit-frame-pointer -ffunction-sections -fdata-sections  -msse -msse2 -msse3 -fvisibility=hidden -fvisibility-inlines-hidden -Wno-deprecated  -O3 -DNDEBUG  -DNDEBUG -fPIE   -Wno-missing-prototypes -o CMakeFiles/cmTC_bca8a.dir/src.cxx.o -c /home/seu/wsh/study/ch5/opencv-3.4.16/Release/CMakeFiles/CMakeTmp/src.cxx
cc1plus: warning: command line option ‘-Wno-missing-prototypes’ is valid for C/ObjC but not for C++
/home/seu/wsh/study/ch5/opencv-3.4.16/Release/CMakeFiles/CMakeTmp/src.cxx:1:0: warning: ignoring #pragma   [-Wunknown-pragmas]
 #pragma
 
Linking CXX executable cmTC_bca8a
/usr/bin/cmake -E cmake_link_script CMakeFiles/cmTC_bca8a.dir/link.txt --verbose=1
/usr/bin/c++     -fsigned-char -W -Wall -Werror=return-type -Werror=non-virtual-dtor -Werror=address -Werror=sequence-point -Wformat -Werror=format-security -Wmissing-declarations -Wundef -Winit-self -Wpointer-arith -Wshadow -Wsign-promo -Wuninitialized -Wsuggest-override -Wno-delete-non-virtual-dtor -Wno-comment -Wimplicit-fallthrough=3 -Wno-strict-overflow -fdiagnostics-show-option -Wno-long-long -pthread -fomit-frame-pointer -ffunction-sections -fdata-sections  -msse -msse2 -msse3 -fvisibility=hidden -fvisibility-inlines-hidden -Wno-deprecated  -O3 -DNDEBUG  -DNDEBUG    -Wl,--gc-sections -Wl,--as-needed  -rdynamic CMakeFiles/cmTC_bca8a.dir/src.cxx.o  -o cmTC_bca8a 
make[1]: 离开目录“/home/seu/wsh/study/ch5/opencv-3.4.16/Release/CMakeFiles/CMakeTmp”

===== END =====

Build output check failed:
    Regex: 'unrecognized .*option'
    Output line: 'cc1plus: warning: unrecognized command line option ‘-Wno-tautological-undefined-compare’'
Compilation failed:
    source file: '/home/seu/wsh/study/ch5/opencv-3.4.16/Release/CMakeFiles/CMakeTmp/src.cxx'
    check option: ' -Wno-tautological-undefined-compare'
===== BUILD LOG =====
Change Dir: /home/seu/wsh/study/ch5/opencv-3.4.16/Release/CMakeFiles/CMakeTmp

Run Build Command:"/usr/bin/make" "cmTC_f1477/fast"
/usr/bin/make -f CMakeFiles/cmTC_f1477.dir/build.make CMakeFiles/cmTC_f1477.dir/build
make[1]: 进入目录“/home/seu/wsh/study/ch5/opencv-3.4.16/Release/CMakeFiles/CMakeTmp”
Building CXX object CMakeFiles/cmTC_f1477.dir/src.cxx.o
/usr/bin/c++    -fsigned-char -W -Wall -Werror=return-type -Werror=non-virtual-dtor -Werror=address -Werror=sequence-point -Wformat -Werror=format-security -Winit-self -Wpointer-arith -Wuninitialized -Wsuggest-override -Wno-delete-non-virtual-dtor -Wno-comment -Wimplicit-fallthrough=3 -Wno-strict-overflow -fdiagnostics-show-option -Wno-long-long -pthread -fomit-frame-pointer -ffunction-sections -fdata-sections  -msse -msse2 -msse3 -fvisibility=hidden -fvisibility-inlines-hidden -Wno-deprecated -Wno-missing-declarations -Wno-shadow -Wno-unused-parameter -Wno-unused-local-typedefs -Wno-sign-compare -Wno-sign-promo -Wno-undef  -O3 -DNDEBUG  -DNDEBUG -fPIE   -Wno-tautological-undefined-compare -o CMakeFiles/cmTC_f1477.dir/src.cxx.o -c /home/seu/wsh/study/ch5/opencv-3.4.16/Release/CMakeFiles/CMakeTmp/src.cxx
/home/seu/wsh/study/ch5/opencv-3.4.16/Release/CMakeFiles/CMakeTmp/src.cxx:1:0: warning: ignoring #pragma   [-Wunknown-pragmas]
 #pragma
 
cc1plus: warning: unrecognized command line option ‘-Wno-tautological-undefined-compare’
Linking CXX executable cmTC_f1477
/usr/bin/cmake -E cmake_link_script CMakeFiles/cmTC_f1477.dir/link.txt --verbose=1
/usr/bin/c++     -fsigned-char -W -Wall -Werror=return-type -Werror=non-virtual-dtor -Werror=address -Werror=sequence-point -Wformat -Werror=format-security -Winit-self -Wpointer-arith -Wuninitialized -Wsuggest-override -Wno-delete-non-virtual-dtor -Wno-comment -Wimplicit-fallthrough=3 -Wno-strict-overflow -fdiagnostics-show-option -Wno-long-long -pthread -fomit-frame-pointer -ffunction-sections -fdata-sections  -msse -msse2 -msse3 -fvisibility=hidden -fvisibility-inlines-hidden -Wno-deprecated -Wno-missing-declarations -Wno-shadow -Wno-unused-parameter -Wno-unused-local-typedefs -Wno-sign-compare -Wno-sign-promo -Wno-undef  -O3 -DNDEBUG  -DNDEBUG    -Wl,--gc-sections -Wl,--as-needed  -rdynamic CMakeFiles/cmTC_f1477.dir/src.cxx.o  -o cmTC_f1477 
make[1]: 离开目录“/home/seu/wsh/study/ch5/opencv-3.4.16/Release/CMakeFiles/CMakeTmp”

===== END =====

Build output check failed:
    Regex: 'unrecognized .*option'
    Output line: 'cc1plus: warning: unrecognized command line option ‘-Wno-shorten-64-to-32’'
Compilation failed:
    source file: '/home/seu/wsh/study/ch5/opencv-3.4.16/Release/CMakeFiles/CMakeTmp/src.cxx'
    check option: ' -Wno-shorten-64-to-32'
===== BUILD LOG =====
Change Dir: /home/seu/wsh/study/ch5/opencv-3.4.16/Release/CMakeFiles/CMakeTmp

Run Build Command:"/usr/bin/make" "cmTC_fe24b/fast"
/usr/bin/make -f CMakeFiles/cmTC_fe24b.dir/build.make CMakeFiles/cmTC_fe24b.dir/build
make[1]: 进入目录“/home/seu/wsh/study/ch5/opencv-3.4.16/Release/CMakeFiles/CMakeTmp”
Building CXX object CMakeFiles/cmTC_fe24b.dir/src.cxx.o
/usr/bin/c++    -fsigned-char -W -Wall -Werror=return-type -Werror=non-virtual-dtor -Werror=address -Werror=sequence-point -Wformat -Werror=format-security -Winit-self -Wpointer-arith -Wuninitialized -Wsuggest-override -Wno-delete-non-virtual-dtor -Wno-comment -Wimplicit-fallthrough=3 -Wno-strict-overflow -fdiagnostics-show-option -Wno-long-long -pthread -fomit-frame-pointer -ffunction-sections -fdata-sections  -msse -msse2 -msse3 -fvisibility=hidden -fvisibility-inlines-hidden -Wno-deprecated -Wno-missing-declarations -Wno-shadow -Wno-unused-parameter -Wno-unused-local-typedefs -Wno-sign-compare -Wno-sign-promo -Wno-undef -Wno-ignored-qualifiers -Wno-extra -Wno-unused-function -Wno-unused-const-variable  -O3 -DNDEBUG  -DNDEBUG -fPIE   -Wno-shorten-64-to-32 -o CMakeFiles/cmTC_fe24b.dir/src.cxx.o -c /home/seu/wsh/study/ch5/opencv-3.4.16/Release/CMakeFiles/CMakeTmp/src.cxx
/home/seu/wsh/study/ch5/opencv-3.4.16/Release/CMakeFiles/CMakeTmp/src.cxx:1:0: warning: ignoring #pragma   [-Wunknown-pragmas]
 #pragma
 
cc1plus: warning: unrecognized command line option ‘-Wno-shorten-64-to-32’
Linking CXX executable cmTC_fe24b
/usr/bin/cmake -E cmake_link_script CMakeFiles/cmTC_fe24b.dir/link.txt --verbose=1
/usr/bin/c++     -fsigned-char -W -Wall -Werror=return-type -Werror=non-virtual-dtor -Werror=address -Werror=sequence-point -Wformat -Werror=format-security -Winit-self -Wpointer-arith -Wuninitialized -Wsuggest-override -Wno-delete-non-virtual-dtor -Wno-comment -Wimplicit-fallthrough=3 -Wno-strict-overflow -fdiagnostics-show-option -Wno-long-long -pthread -fomit-frame-pointer -ffunction-sections -fdata-sections  -msse -msse2 -msse3 -fvisibility=hidden -fvisibility-inlines-hidden -Wno-deprecated -Wno-missing-declarations -Wno-shadow -Wno-unused-parameter -Wno-unused-local-typedefs -Wno-sign-compare -Wno-sign-promo -Wno-undef -Wno-ignored-qualifiers -Wno-extra -Wno-unused-function -Wno-unused-const-variable  -O3 -DNDEBUG  -DNDEBUG    -Wl,--gc-sections -Wl,--as-needed  -rdynamic CMakeFiles/cmTC_fe24b.dir/src.cxx.o  -o cmTC_fe24b 
make[1]: 离开目录“/home/seu/wsh/study/ch5/opencv-3.4.16/Release/CMakeFiles/CMakeTmp”

===== END =====

Build output check failed:
    Regex: 'unrecognized .*option'
    Output line: 'cc1plus: warning: unrecognized command line option ‘-Wno-enum-compare-switch’'
Compilation failed:
    source file: '/home/seu/wsh/study/ch5/opencv-3.4.16/Release/CMakeFiles/CMakeTmp/src.cxx'
    check option: ' -Wno-enum-compare-switch'
===== BUILD LOG =====
Change Dir: /home/seu/wsh/study/ch5/opencv-3.4.16/Release/CMakeFiles/CMakeTmp

Run Build Command:"/usr/bin/make" "cmTC_12a4c/fast"
/usr/bin/make -f CMakeFiles/cmTC_12a4c.dir/build.make CMakeFiles/cmTC_12a4c.dir/build
make[1]: 进入目录“/home/seu/wsh/study/ch5/opencv-3.4.16/Release/CMakeFiles/CMakeTmp”
Building CXX object CMakeFiles/cmTC_12a4c.dir/src.cxx.o
/usr/bin/c++    -fsigned-char -W -Wall -Werror=return-type -Werror=non-virtual-dtor -Werror=address -Werror=sequence-point -Wformat -Werror=format-security -Winit-self -Wpointer-arith -Wuninitialized -Wsuggest-override -Wno-delete-non-virtual-dtor -Wno-comment -Wimplicit-fallthrough=3 -Wno-strict-overflow -fdiagnostics-show-option -Wno-long-long -pthread -fomit-frame-pointer -ffunction-sections -fdata-sections  -msse -msse2 -msse3 -fvisibility=hidden -fvisibility-inlines-hidden -Wno-deprecated -Wno-missing-declarations -Wno-shadow -Wno-unused-parameter -Wno-unused-local-typedefs -Wno-sign-compare -Wno-sign-promo -Wno-undef -Wno-ignored-qualifiers -Wno-extra -Wno-unused-function -Wno-unused-const-variable -Wno-invalid-offsetof  -O3 -DNDEBUG  -DNDEBUG -fPIE   -Wno-enum-compare-switch -o CMakeFiles/cmTC_12a4c.dir/src.cxx.o -c /home/seu/wsh/study/ch5/opencv-3.4.16/Release/CMakeFiles/CMakeTmp/src.cxx
/home/seu/wsh/study/ch5/opencv-3.4.16/Release/CMakeFiles/CMakeTmp/src.cxx:1:0: warning: ignoring #pragma   [-Wunknown-pragmas]
 #pragma
 
cc1plus: warning: unrecognized command line option ‘-Wno-enum-compare-switch’
Linking CXX executable cmTC_12a4c
/usr/bin/cmake -E cmake_link_script CMakeFiles/cmTC_12a4c.dir/link.txt --verbose=1
/usr/bin/c++     -fsigned-char -W -Wall -Werror=return-type -Werror=non-virtual-dtor -Werror=address -Werror=sequence-point -Wformat -Werror=format-security -Winit-self -Wpointer-arith -Wuninitialized -Wsuggest-override -Wno-delete-non-virtual-dtor -Wno-comment -Wimplicit-fallthrough=3 -Wno-strict-overflow -fdiagnostics-show-option -Wno-long-long -pthread -fomit-frame-pointer -ffunction-sections -fdata-sections  -msse -msse2 -msse3 -fvisibility=hidden -fvisibility-inlines-hidden -Wno-deprecated -Wno-missing-declarations -Wno-shadow -Wno-unused-parameter -Wno-unused-local-typedefs -Wno-sign-compare -Wno-sign-promo -Wno-undef -Wno-ignored-qualifiers -Wno-extra -Wno-unused-function -Wno-unused-const-variable -Wno-invalid-offsetof  -O3 -DNDEBUG  -DNDEBUG    -Wl,--gc-sections -Wl,--as-needed  -rdynamic CMakeFiles/cmTC_12a4c.dir/src.cxx.o  -o cmTC_12a4c 
make[1]: 离开目录“/home/seu/wsh/study/ch5/opencv-3.4.16/Release/CMakeFiles/CMakeTmp”

===== END =====

Build output check failed:
    Regex: 'unrecognized .*option'
    Output line: 'cc1plus: warning: unrecognized command line option ‘-Wno-inconsistent-missing-override’'
Compilation failed:
    source file: '/home/seu/wsh/study/ch5/opencv-3.4.16/Release/CMakeFiles/CMakeTmp/src.cxx'
    check option: ' -Wno-inconsistent-missing-override'
===== BUILD LOG =====
Change Dir: /home/seu/wsh/study/ch5/opencv-3.4.16/Release/CMakeFiles/CMakeTmp

Run Build Command:"/usr/bin/make" "cmTC_d63da/fast"
/usr/bin/make -f CMakeFiles/cmTC_d63da.dir/build.make CMakeFiles/cmTC_d63da.dir/build
make[1]: 进入目录“/home/seu/wsh/study/ch5/opencv-3.4.16/Release/CMakeFiles/CMakeTmp”
Building CXX object CMakeFiles/cmTC_d63da.dir/src.cxx.o
/usr/bin/c++    -fsigned-char -W -Wall -Werror=return-type -Werror=non-virtual-dtor -Werror=address -Werror=sequence-point -Wformat -Werror=format-security -Winit-self -Wpointer-arith -Wuninitialized -Wno-delete-non-virtual-dtor -Wno-comment -Wimplicit-fallthrough=3 -Wno-strict-overflow -fdiagnostics-show-option -Wno-long-long -pthread -fomit-frame-pointer -ffunction-sections -fdata-sections  -msse -msse2 -msse3 -fvisibility=hidden -fvisibility-inlines-hidden -Wno-deprecated -Wno-missing-declarations -Wno-shadow -Wno-unused-parameter -Wno-unused-local-typedefs -Wno-sign-compare -Wno-sign-promo -Wno-undef -Wno-ignored-qualifiers -Wno-extra -Wno-unused-function -Wno-unused-const-variable -Wno-invalid-offsetof -Wno-suggest-override  -O3 -DNDEBUG  -DNDEBUG -fPIE   -Wno-inconsistent-missing-override -o CMakeFiles/cmTC_d63da.dir/src.cxx.o -c /home/seu/wsh/study/ch5/opencv-3.4.16/Release/CMakeFiles/CMakeTmp/src.cxx
/home/seu/wsh/study/ch5/opencv-3.4.16/Release/CMakeFiles/CMakeTmp/src.cxx:1:0: warning: ignoring #pragma   [-Wunknown-pragmas]
 #pragma
 
cc1plus: warning: unrecognized command line option ‘-Wno-inconsistent-missing-override’
Linking CXX executable cmTC_d63da
/usr/bin/cmake -E cmake_link_script CMakeFiles/cmTC_d63da.dir/link.txt --verbose=1
/usr/bin/c++     -fsigned-char -W -Wall -Werror=return-type -Werror=non-virtual-dtor -Werror=address -Werror=sequence-point -Wformat -Werror=format-security -Winit-self -Wpointer-arith -Wuninitialized -Wno-delete-non-virtual-dtor -Wno-comment -Wimplicit-fallthrough=3 -Wno-strict-overflow -fdiagnostics-show-option -Wno-long-long -pthread -fomit-frame-pointer -ffunction-sections -fdata-sections  -msse -msse2 -msse3 -fvisibility=hidden -fvisibility-inlines-hidden -Wno-deprecated -Wno-missing-declarations -Wno-shadow -Wno-unused-parameter -Wno-unused-local-typedefs -Wno-sign-compare -Wno-sign-promo -Wno-undef -Wno-ignored-qualifiers -Wno-extra -Wno-unused-function -Wno-unused-const-variable -Wno-invalid-offsetof -Wno-suggest-override  -O3 -DNDEBUG  -DNDEBUG    -Wl,--gc-sections -Wl,--as-needed  -rdynamic CMakeFiles/cmTC_d63da.dir/src.cxx.o  -o cmTC_d63da 
make[1]: 离开目录“/home/seu/wsh/study/ch5/opencv-3.4.16/Release/CMakeFiles/CMakeTmp”

===== END =====

Build output check failed:
    Regex: 'unrecognized .*option'
    Output line: 'cc1plus: warning: unrecognized command line option ‘-Wno-unused-private-field’'
Compilation failed:
    source file: '/home/seu/wsh/study/ch5/opencv-3.4.16/Release/CMakeFiles/CMakeTmp/src.cxx'
    check option: ' -Wno-unused-private-field'
===== BUILD LOG =====
Change Dir: /home/seu/wsh/study/ch5/opencv-3.4.16/Release/CMakeFiles/CMakeTmp

Run Build Command:"/usr/bin/make" "cmTC_0a8f9/fast"
/usr/bin/make -f CMakeFiles/cmTC_0a8f9.dir/build.make CMakeFiles/cmTC_0a8f9.dir/build
make[1]: 进入目录“/home/seu/wsh/study/ch5/opencv-3.4.16/Release/CMakeFiles/CMakeTmp”
Building CXX object CMakeFiles/cmTC_0a8f9.dir/src.cxx.o
/usr/bin/c++    -fsigned-char -W -Wall -Werror=return-type -Werror=non-virtual-dtor -Werror=address -Werror=sequence-point -Wformat -Werror=format-security -Wmissing-declarations -Wundef -Winit-self -Wpointer-arith -Wshadow -Wsign-promo -Wuninitialized -Wsuggest-override -Wno-delete-non-virtual-dtor -Wno-comment -Wimplicit-fallthrough=3 -Wno-strict-overflow -fdiagnostics-show-option -Wno-long-long -pthread -fomit-frame-pointer -ffunction-sections -fdata-sections  -msse -msse2 -msse3 -fvisibility=hidden -fvisibility-inlines-hidden -Wno-unused-function -Wno-deprecated-declarations -Wno-overloaded-virtual  -O3 -DNDEBUG  -DNDEBUG -fPIE   -Wno-unused-private-field -o CMakeFiles/cmTC_0a8f9.dir/src.cxx.o -c /home/seu/wsh/study/ch5/opencv-3.4.16/Release/CMakeFiles/CMakeTmp/src.cxx
/home/seu/wsh/study/ch5/opencv-3.4.16/Release/CMakeFiles/CMakeTmp/src.cxx:1:0: warning: ignoring #pragma   [-Wunknown-pragmas]
 #pragma
 
cc1plus: warning: unrecognized command line option ‘-Wno-unused-private-field’
Linking CXX executable cmTC_0a8f9
/usr/bin/cmake -E cmake_link_script CMakeFiles/cmTC_0a8f9.dir/link.txt --verbose=1
/usr/bin/c++     -fsigned-char -W -Wall -Werror=return-type -Werror=non-virtual-dtor -Werror=address -Werror=sequence-point -Wformat -Werror=format-security -Wmissing-declarations -Wundef -Winit-self -Wpointer-arith -Wshadow -Wsign-promo -Wuninitialized -Wsuggest-override -Wno-delete-non-virtual-dtor -Wno-comment -Wimplicit-fallthrough=3 -Wno-strict-overflow -fdiagnostics-show-option -Wno-long-long -pthread -fomit-frame-pointer -ffunction-sections -fdata-sections  -msse -msse2 -msse3 -fvisibility=hidden -fvisibility-inlines-hidden -Wno-unused-function -Wno-deprecated-declarations -Wno-overloaded-virtual  -O3 -DNDEBUG  -DNDEBUG    -Wl,--gc-sections -Wl,--as-needed  -rdynamic CMakeFiles/cmTC_0a8f9.dir/src.cxx.o  -o cmTC_0a8f9 
make[1]: 离开目录“/home/seu/wsh/study/ch5/opencv-3.4.16/Release/CMakeFiles/CMakeTmp”

===== END =====

Determining if the CL_VERSION_2_2 exist failed with the following output:
Change Dir: /home/seu/wsh/study/ch5/opencv-3.4.16/Release/CMakeFiles/CMakeTmp

Run Build Command:"/usr/bin/make" "cmTC_04efe/fast"
/usr/bin/make -f CMakeFiles/cmTC_04efe.dir/build.make CMakeFiles/cmTC_04efe.dir/build
make[1]: 进入目录“/home/seu/wsh/study/ch5/opencv-3.4.16/Release/CMakeFiles/CMakeTmp”
Building C object CMakeFiles/cmTC_04efe.dir/CheckSymbolExists.c.o
/usr/bin/cc   -fsigned-char -W -Wall -Werror=return-type -Werror=address -Werror=sequence-point -Wformat -Werror=format-security -Wmissing-declarations -Wmissing-prototypes -Wstrict-prototypes -Wundef -Winit-self -Wpointer-arith -Wshadow -Wuninitialized -Wno-comment -Wimplicit-fallthrough=3 -Wno-strict-overflow -fdiagnostics-show-option -Wno-long-long -pthread -fomit-frame-pointer -ffunction-sections -fdata-sections  -msse -msse2 -msse3 -fvisibility=hidden  -O3 -DNDEBUG  -DNDEBUG -fPIE   -o CMakeFiles/cmTC_04efe.dir/CheckSymbolExists.c.o   -c /home/seu/wsh/study/ch5/opencv-3.4.16/Release/CMakeFiles/CMakeTmp/CheckSymbolExists.c
/home/seu/wsh/study/ch5/opencv-3.4.16/Release/CMakeFiles/CMakeTmp/CheckSymbolExists.c:2:10: fatal error: OpenCL_INCLUDE_DIR-NOTFOUND/CL/cl.h: 没有那个文件或目录
 #include <OpenCL_INCLUDE_DIR-NOTFOUND/CL/cl.h>
          ^~~~~~~~~~~~~~~~~~~~~~~~~~~~~~~~~~~~~
compilation terminated.
CMakeFiles/cmTC_04efe.dir/build.make:65: recipe for target 'CMakeFiles/cmTC_04efe.dir/CheckSymbolExists.c.o' failed
make[1]: *** [CMakeFiles/cmTC_04efe.dir/CheckSymbolExists.c.o] Error 1
make[1]: 离开目录“/home/seu/wsh/study/ch5/opencv-3.4.16/Release/CMakeFiles/CMakeTmp”
Makefile:126: recipe for target 'cmTC_04efe/fast' failed
make: *** [cmTC_04efe/fast] Error 2

File /home/seu/wsh/study/ch5/opencv-3.4.16/Release/CMakeFiles/CMakeTmp/CheckSymbolExists.c:
/* */
#include <OpenCL_INCLUDE_DIR-NOTFOUND/CL/cl.h>

int main(int argc, char** argv)
{
  (void)argv;
#ifndef CL_VERSION_2_2
  return ((int*)(&CL_VERSION_2_2))[argc];
#else
  (void)argc;
  return 0;
#endif
}

Determining if the CL_VERSION_2_1 exist failed with the following output:
Change Dir: /home/seu/wsh/study/ch5/opencv-3.4.16/Release/CMakeFiles/CMakeTmp

Run Build Command:"/usr/bin/make" "cmTC_5ea7b/fast"
/usr/bin/make -f CMakeFiles/cmTC_5ea7b.dir/build.make CMakeFiles/cmTC_5ea7b.dir/build
make[1]: 进入目录“/home/seu/wsh/study/ch5/opencv-3.4.16/Release/CMakeFiles/CMakeTmp”
Building C object CMakeFiles/cmTC_5ea7b.dir/CheckSymbolExists.c.o
/usr/bin/cc   -fsigned-char -W -Wall -Werror=return-type -Werror=address -Werror=sequence-point -Wformat -Werror=format-security -Wmissing-declarations -Wmissing-prototypes -Wstrict-prototypes -Wundef -Winit-self -Wpointer-arith -Wshadow -Wuninitialized -Wno-comment -Wimplicit-fallthrough=3 -Wno-strict-overflow -fdiagnostics-show-option -Wno-long-long -pthread -fomit-frame-pointer -ffunction-sections -fdata-sections  -msse -msse2 -msse3 -fvisibility=hidden  -O3 -DNDEBUG  -DNDEBUG -fPIE   -o CMakeFiles/cmTC_5ea7b.dir/CheckSymbolExists.c.o   -c /home/seu/wsh/study/ch5/opencv-3.4.16/Release/CMakeFiles/CMakeTmp/CheckSymbolExists.c
/home/seu/wsh/study/ch5/opencv-3.4.16/Release/CMakeFiles/CMakeTmp/CheckSymbolExists.c:2:10: fatal error: OpenCL_INCLUDE_DIR-NOTFOUND/CL/cl.h: 没有那个文件或目录
 #include <OpenCL_INCLUDE_DIR-NOTFOUND/CL/cl.h>
          ^~~~~~~~~~~~~~~~~~~~~~~~~~~~~~~~~~~~~
compilation terminated.
CMakeFiles/cmTC_5ea7b.dir/build.make:65: recipe for target 'CMakeFiles/cmTC_5ea7b.dir/CheckSymbolExists.c.o' failed
make[1]: *** [CMakeFiles/cmTC_5ea7b.dir/CheckSymbolExists.c.o] Error 1
make[1]: 离开目录“/home/seu/wsh/study/ch5/opencv-3.4.16/Release/CMakeFiles/CMakeTmp”
Makefile:126: recipe for target 'cmTC_5ea7b/fast' failed
make: *** [cmTC_5ea7b/fast] Error 2

File /home/seu/wsh/study/ch5/opencv-3.4.16/Release/CMakeFiles/CMakeTmp/CheckSymbolExists.c:
/* */
#include <OpenCL_INCLUDE_DIR-NOTFOUND/CL/cl.h>

int main(int argc, char** argv)
{
  (void)argv;
#ifndef CL_VERSION_2_1
  return ((int*)(&CL_VERSION_2_1))[argc];
#else
  (void)argc;
  return 0;
#endif
}

Determining if the CL_VERSION_2_0 exist failed with the following output:
Change Dir: /home/seu/wsh/study/ch5/opencv-3.4.16/Release/CMakeFiles/CMakeTmp

Run Build Command:"/usr/bin/make" "cmTC_b901f/fast"
/usr/bin/make -f CMakeFiles/cmTC_b901f.dir/build.make CMakeFiles/cmTC_b901f.dir/build
make[1]: 进入目录“/home/seu/wsh/study/ch5/opencv-3.4.16/Release/CMakeFiles/CMakeTmp”
Building C object CMakeFiles/cmTC_b901f.dir/CheckSymbolExists.c.o
/usr/bin/cc   -fsigned-char -W -Wall -Werror=return-type -Werror=address -Werror=sequence-point -Wformat -Werror=format-security -Wmissing-declarations -Wmissing-prototypes -Wstrict-prototypes -Wundef -Winit-self -Wpointer-arith -Wshadow -Wuninitialized -Wno-comment -Wimplicit-fallthrough=3 -Wno-strict-overflow -fdiagnostics-show-option -Wno-long-long -pthread -fomit-frame-pointer -ffunction-sections -fdata-sections  -msse -msse2 -msse3 -fvisibility=hidden  -O3 -DNDEBUG  -DNDEBUG -fPIE   -o CMakeFiles/cmTC_b901f.dir/CheckSymbolExists.c.o   -c /home/seu/wsh/study/ch5/opencv-3.4.16/Release/CMakeFiles/CMakeTmp/CheckSymbolExists.c
/home/seu/wsh/study/ch5/opencv-3.4.16/Release/CMakeFiles/CMakeTmp/CheckSymbolExists.c:2:10: fatal error: OpenCL_INCLUDE_DIR-NOTFOUND/CL/cl.h: 没有那个文件或目录
 #include <OpenCL_INCLUDE_DIR-NOTFOUND/CL/cl.h>
          ^~~~~~~~~~~~~~~~~~~~~~~~~~~~~~~~~~~~~
compilation terminated.
CMakeFiles/cmTC_b901f.dir/build.make:65: recipe for target 'CMakeFiles/cmTC_b901f.dir/CheckSymbolExists.c.o' failed
make[1]: *** [CMakeFiles/cmTC_b901f.dir/CheckSymbolExists.c.o] Error 1
make[1]: 离开目录“/home/seu/wsh/study/ch5/opencv-3.4.16/Release/CMakeFiles/CMakeTmp”
Makefile:126: recipe for target 'cmTC_b901f/fast' failed
make: *** [cmTC_b901f/fast] Error 2

File /home/seu/wsh/study/ch5/opencv-3.4.16/Release/CMakeFiles/CMakeTmp/CheckSymbolExists.c:
/* */
#include <OpenCL_INCLUDE_DIR-NOTFOUND/CL/cl.h>

int main(int argc, char** argv)
{
  (void)argv;
#ifndef CL_VERSION_2_0
  return ((int*)(&CL_VERSION_2_0))[argc];
#else
  (void)argc;
  return 0;
#endif
}

Determining if the CL_VERSION_1_2 exist failed with the following output:
Change Dir: /home/seu/wsh/study/ch5/opencv-3.4.16/Release/CMakeFiles/CMakeTmp

Run Build Command:"/usr/bin/make" "cmTC_6a3ec/fast"
/usr/bin/make -f CMakeFiles/cmTC_6a3ec.dir/build.make CMakeFiles/cmTC_6a3ec.dir/build
make[1]: 进入目录“/home/seu/wsh/study/ch5/opencv-3.4.16/Release/CMakeFiles/CMakeTmp”
Building C object CMakeFiles/cmTC_6a3ec.dir/CheckSymbolExists.c.o
/usr/bin/cc   -fsigned-char -W -Wall -Werror=return-type -Werror=address -Werror=sequence-point -Wformat -Werror=format-security -Wmissing-declarations -Wmissing-prototypes -Wstrict-prototypes -Wundef -Winit-self -Wpointer-arith -Wshadow -Wuninitialized -Wno-comment -Wimplicit-fallthrough=3 -Wno-strict-overflow -fdiagnostics-show-option -Wno-long-long -pthread -fomit-frame-pointer -ffunction-sections -fdata-sections  -msse -msse2 -msse3 -fvisibility=hidden  -O3 -DNDEBUG  -DNDEBUG -fPIE   -o CMakeFiles/cmTC_6a3ec.dir/CheckSymbolExists.c.o   -c /home/seu/wsh/study/ch5/opencv-3.4.16/Release/CMakeFiles/CMakeTmp/CheckSymbolExists.c
/home/seu/wsh/study/ch5/opencv-3.4.16/Release/CMakeFiles/CMakeTmp/CheckSymbolExists.c:2:10: fatal error: OpenCL_INCLUDE_DIR-NOTFOUND/CL/cl.h: 没有那个文件或目录
 #include <OpenCL_INCLUDE_DIR-NOTFOUND/CL/cl.h>
          ^~~~~~~~~~~~~~~~~~~~~~~~~~~~~~~~~~~~~
compilation terminated.
CMakeFiles/cmTC_6a3ec.dir/build.make:65: recipe for target 'CMakeFiles/cmTC_6a3ec.dir/CheckSymbolExists.c.o' failed
make[1]: *** [CMakeFiles/cmTC_6a3ec.dir/CheckSymbolExists.c.o] Error 1
make[1]: 离开目录“/home/seu/wsh/study/ch5/opencv-3.4.16/Release/CMakeFiles/CMakeTmp”
Makefile:126: recipe for target 'cmTC_6a3ec/fast' failed
make: *** [cmTC_6a3ec/fast] Error 2

File /home/seu/wsh/study/ch5/opencv-3.4.16/Release/CMakeFiles/CMakeTmp/CheckSymbolExists.c:
/* */
#include <OpenCL_INCLUDE_DIR-NOTFOUND/CL/cl.h>

int main(int argc, char** argv)
{
  (void)argv;
#ifndef CL_VERSION_1_2
  return ((int*)(&CL_VERSION_1_2))[argc];
#else
  (void)argc;
  return 0;
#endif
}

Determining if the CL_VERSION_1_1 exist failed with the following output:
Change Dir: /home/seu/wsh/study/ch5/opencv-3.4.16/Release/CMakeFiles/CMakeTmp

Run Build Command:"/usr/bin/make" "cmTC_e8ff7/fast"
/usr/bin/make -f CMakeFiles/cmTC_e8ff7.dir/build.make CMakeFiles/cmTC_e8ff7.dir/build
make[1]: 进入目录“/home/seu/wsh/study/ch5/opencv-3.4.16/Release/CMakeFiles/CMakeTmp”
Building C object CMakeFiles/cmTC_e8ff7.dir/CheckSymbolExists.c.o
/usr/bin/cc   -fsigned-char -W -Wall -Werror=return-type -Werror=address -Werror=sequence-point -Wformat -Werror=format-security -Wmissing-declarations -Wmissing-prototypes -Wstrict-prototypes -Wundef -Winit-self -Wpointer-arith -Wshadow -Wuninitialized -Wno-comment -Wimplicit-fallthrough=3 -Wno-strict-overflow -fdiagnostics-show-option -Wno-long-long -pthread -fomit-frame-pointer -ffunction-sections -fdata-sections  -msse -msse2 -msse3 -fvisibility=hidden  -O3 -DNDEBUG  -DNDEBUG -fPIE   -o CMakeFiles/cmTC_e8ff7.dir/CheckSymbolExists.c.o   -c /home/seu/wsh/study/ch5/opencv-3.4.16/Release/CMakeFiles/CMakeTmp/CheckSymbolExists.c
/home/seu/wsh/study/ch5/opencv-3.4.16/Release/CMakeFiles/CMakeTmp/CheckSymbolExists.c:2:10: fatal error: OpenCL_INCLUDE_DIR-NOTFOUND/CL/cl.h: 没有那个文件或目录
 #include <OpenCL_INCLUDE_DIR-NOTFOUND/CL/cl.h>
          ^~~~~~~~~~~~~~~~~~~~~~~~~~~~~~~~~~~~~
compilation terminated.
CMakeFiles/cmTC_e8ff7.dir/build.make:65: recipe for target 'CMakeFiles/cmTC_e8ff7.dir/CheckSymbolExists.c.o' failed
make[1]: *** [CMakeFiles/cmTC_e8ff7.dir/CheckSymbolExists.c.o] Error 1
make[1]: 离开目录“/home/seu/wsh/study/ch5/opencv-3.4.16/Release/CMakeFiles/CMakeTmp”
Makefile:126: recipe for target 'cmTC_e8ff7/fast' failed
make: *** [cmTC_e8ff7/fast] Error 2

File /home/seu/wsh/study/ch5/opencv-3.4.16/Release/CMakeFiles/CMakeTmp/CheckSymbolExists.c:
/* */
#include <OpenCL_INCLUDE_DIR-NOTFOUND/CL/cl.h>

int main(int argc, char** argv)
{
  (void)argv;
#ifndef CL_VERSION_1_1
  return ((int*)(&CL_VERSION_1_1))[argc];
#else
  (void)argc;
  return 0;
#endif
}

Determining if the CL_VERSION_1_0 exist failed with the following output:
Change Dir: /home/seu/wsh/study/ch5/opencv-3.4.16/Release/CMakeFiles/CMakeTmp

Run Build Command:"/usr/bin/make" "cmTC_e82af/fast"
/usr/bin/make -f CMakeFiles/cmTC_e82af.dir/build.make CMakeFiles/cmTC_e82af.dir/build
make[1]: 进入目录“/home/seu/wsh/study/ch5/opencv-3.4.16/Release/CMakeFiles/CMakeTmp”
Building C object CMakeFiles/cmTC_e82af.dir/CheckSymbolExists.c.o
/usr/bin/cc   -fsigned-char -W -Wall -Werror=return-type -Werror=address -Werror=sequence-point -Wformat -Werror=format-security -Wmissing-declarations -Wmissing-prototypes -Wstrict-prototypes -Wundef -Winit-self -Wpointer-arith -Wshadow -Wuninitialized -Wno-comment -Wimplicit-fallthrough=3 -Wno-strict-overflow -fdiagnostics-show-option -Wno-long-long -pthread -fomit-frame-pointer -ffunction-sections -fdata-sections  -msse -msse2 -msse3 -fvisibility=hidden  -O3 -DNDEBUG  -DNDEBUG -fPIE   -o CMakeFiles/cmTC_e82af.dir/CheckSymbolExists.c.o   -c /home/seu/wsh/study/ch5/opencv-3.4.16/Release/CMakeFiles/CMakeTmp/CheckSymbolExists.c
/home/seu/wsh/study/ch5/opencv-3.4.16/Release/CMakeFiles/CMakeTmp/CheckSymbolExists.c:2:10: fatal error: OpenCL_INCLUDE_DIR-NOTFOUND/CL/cl.h: 没有那个文件或目录
 #include <OpenCL_INCLUDE_DIR-NOTFOUND/CL/cl.h>
          ^~~~~~~~~~~~~~~~~~~~~~~~~~~~~~~~~~~~~
compilation terminated.
CMakeFiles/cmTC_e82af.dir/build.make:65: recipe for target 'CMakeFiles/cmTC_e82af.dir/CheckSymbolExists.c.o' failed
make[1]: *** [CMakeFiles/cmTC_e82af.dir/CheckSymbolExists.c.o] Error 1
make[1]: 离开目录“/home/seu/wsh/study/ch5/opencv-3.4.16/Release/CMakeFiles/CMakeTmp”
Makefile:126: recipe for target 'cmTC_e82af/fast' failed
make: *** [cmTC_e82af/fast] Error 2

File /home/seu/wsh/study/ch5/opencv-3.4.16/Release/CMakeFiles/CMakeTmp/CheckSymbolExists.c:
/* */
#include <OpenCL_INCLUDE_DIR-NOTFOUND/CL/cl.h>

int main(int argc, char** argv)
{
  (void)argv;
#ifndef CL_VERSION_1_0
  return ((int*)(&CL_VERSION_1_0))[argc];
#else
  (void)argc;
  return 0;
#endif
}

